c:\compxxxx\guipng\x64\debug\vc140.pdb
c:\compxxxx\guipng\x64\debug\.netframework,version=v4.7.2.assemblyattributes.obj
c:\compxxxx\guipng\x64\debug\.netframework,version=v4.7.2.assemblyattributes.asm
c:\compxxxx\guipng\x64\debug\pngform.obj
c:\compxxxx\guipng\x64\debug\guipng.pngform.resources
c:\compxxxx\guipng\x64\debug\guipng.exe
c:\compxxxx\guipng\x64\debug\guipng.pdb
c:\compxxxx\guipng\x64\debug\guipng.vcxproj.assemblyreference.cache
c:\compxxxx\guipng\x64\debug\guipng.vcxproj.generateresource.cache
c:\compxxxx\guipng\x64\debug\guipng.exe.metagen
c:\compxxxx\guipng\x64\debug\guipng.tlog\cl.command.1.tlog
c:\compxxxx\guipng\x64\debug\guipng.tlog\cl.read.1.tlog
c:\compxxxx\guipng\x64\debug\guipng.tlog\cl.write.1.tlog
c:\compxxxx\guipng\x64\debug\guipng.tlog\guipng.write.1u.tlog
c:\compxxxx\guipng\x64\debug\guipng.tlog\link.command.1.tlog
c:\compxxxx\guipng\x64\debug\guipng.tlog\link.read.1.tlog
c:\compxxxx\guipng\x64\debug\guipng.tlog\link.write.1.tlog
c:\compxxxx\guipng\x64\debug\guipng.tlog\metagen.read.1.tlog
c:\compxxxx\guipng\x64\debug\guipng.tlog\metagen.write.1.tlog
c:\compxxxx\guipng\x64\debug\guipng.tlog\clui.dll.bi
